<?xml version="1.0" encoding="UTF-8"?>
<!-- Generated by org.testng.reporters.JUnitReportReporter -->
<testsuite skipped="0" hostname="DESKTOP-6QJKN6Q" name="testNGdemo.TestNGDemo2" tests="1" failures="0" timestamp="2020-05-28T12:36:59 GST" time="37.148" errors="0">
  <testcase name="testStep" time="37.148" classname="testNGdemo.TestNGDemo2"/>
  <system-out/>
</testsuite> <!-- testNGdemo.TestNGDemo2 -->
