<?xml version="1.0" encoding="UTF-8"?>
<!-- Generated by org.testng.reporters.JUnitReportReporter -->
<testsuite skipped="0" hostname="DESKTOP-6QJKN6Q" name="UserRegistration.Owner_Registration_TestNG" tests="1" failures="0" timestamp="2020-06-16T08:49:51 GST" time="21.224" errors="0">
  <testcase name="verifyLoginPage" time="21.224" classname="UserRegistration.Owner_Registration_TestNG"/>
  <system-out/>
</testsuite> <!-- UserRegistration.Owner_Registration_TestNG -->
