<?xml version="1.0" encoding="UTF-8"?>
<!-- Generated by org.testng.reporters.JUnitReportReporter -->
<testsuite skipped="0" hostname="DESKTOP-6QJKN6Q" name="testNGdemo.Owner_Registration_TestNG" tests="1" failures="0" timestamp="2020-06-16T08:16:47 GST" time="21.035" errors="0">
  <testcase name="verifyLoginPage" time="21.035" classname="testNGdemo.Owner_Registration_TestNG"/>
  <system-out/>
</testsuite> <!-- testNGdemo.Owner_Registration_TestNG -->
