<?xml version="1.0" encoding="UTF-8"?>
<!-- Generated by org.testng.reporters.JUnitReportReporter -->
<testsuite skipped="0" hostname="DESKTOP-6QJKN6Q" name="testNGdemo.Owner_Registration_TestNG" tests="1" failures="0" timestamp="2020-06-06T18:31:06 GST" time="30.054" errors="0">
  <testcase name="testStep" time="30.054" classname="testNGdemo.Owner_Registration_TestNG"/>
  <system-out/>
</testsuite> <!-- testNGdemo.Owner_Registration_TestNG -->
