<?xml version="1.0" encoding="UTF-8"?>
<!-- Generated by org.testng.reporters.JUnitReportReporter -->
<testsuite skipped="0" hostname="DESKTOP-6QJKN6Q" name="ShoppingMall.addProduct" tests="3" failures="0" timestamp="2020-06-17T21:14:28 GST" time="33.640" errors="0">
  <testcase name="changeProductPrice" time="0.002" classname="ShoppingMall.addProduct"/>
  <system-out/>
  <testcase name="testProduct" time="15.428" classname="ShoppingMall.addProduct"/>
  <system-out/>
  <testcase name="addNewProduct" time="18.210" classname="ShoppingMall.addProduct"/>
  <system-out/>
</testsuite> <!-- ShoppingMall.addProduct -->
